#
# A fatal error has been detected by the Java Runtime Environment:
#
#  EXCEPTION_ACCESS_VIOLATION (0xc0000005) at pc=0x000000002ba1c83d, pid=3288, tid=3656
#
# JRE version: 6.0_17-b04
# Java VM: Java HotSpot(TM) 64-Bit Server VM (14.3-b01 mixed mode windows-amd64 )
# Problematic frame:
# J  java.nio.DirectByteBuffer.getLong(I)J
#
# If you would like to submit a bug report, please visit:
#   http://java.sun.com/webapps/bugreport/crash.jsp
#

---------------  T H R E A D  ---------------

Current thread (0x0000000061ca4000):  JavaThread "Main message loop" daemon [_thread_in_Java, id=3656, stack(0x0000000144030000,0x0000000148030000)]

siginfo: ExceptionCode=0xc0000005, reading address 0x0000000080004005

Registers:
EAX=0x000000002ea865c8, EBX=0x000000002ea865c8, ECX=0x000000003fd2ea00, EDX=0x000000003fd2ea00
ESP=0x000000014801e3d0, EBP=0x000000014801e458, ESI=0x0000000031576810, EDI=0x000000002b185969
EIP=0x000000002ba1c83d, EFLAGS=0x0000000000010246

Top of Stack: (sp=0x000000014801e3d0)
0x000000014801e3d0:   000000014801e468 000000014801e468
0x000000014801e3e0:   000000002b19bd43 000000002b184e90
0x000000014801e3f0:   000000014801e458 000000002b1859f3
0x000000014801e400:   000000002b1859f3 0000000000000000
0x000000014801e410:   000000003fd2ea00 000000014801e418
0x000000014801e420:   00000000313f52a6 000000014801e470
0x000000014801e430:   00000000313f62c8 000000003330a620
0x000000014801e440:   00000000313f52c0 000000014801e408
0x000000014801e450:   000000014801e468 000000014801e4b8
0x000000014801e460:   000000002b185ecd 0000000000000000
0x000000014801e470:   000000003fd2ea00 000000014801e478
0x000000014801e480:   0000000031573428 000000014801e4c8
0x000000014801e490:   0000000031588120 0000000000000000
0x000000014801e4a0:   0000000031573438 000000014801e468
0x000000014801e4b0:   000000014801e4c8 000000014801e518
0x000000014801e4c0:   000000002b1859f3 000000003fd18af8 

Instructions: (pc=0x000000002ba1c83d)
0x000000002ba1c82d:   fb 08 7c 24 4c 8b 52 10 44 0f be 5a 2e 4d 63 c0
0x000000002ba1c83d:   4b 8b 04 02 45 85 db 74 1f 48 83 c4 20 5d 85 05 


Stack: [0x0000000144030000,0x0000000148030000],  sp=0x000000014801e3d0,  free space=65464k
Native frames: (J=compiled Java code, j=interpreted, Vv=VM code, C=native code)
J  java.nio.DirectByteBuffer.getLong(I)J
j  com.jniwrapper.win32.automation.types.SafeArray.getHandle()J+8
j  com.jniwrapper.win32.automation.types.SafeArray.acceptIOPerformer(Lcom/jniwrapper/IOPerformer;Lcom/jniwrapper/DataBuffer;IZZ)V+18
J  com.jniwrapper.Pointer.readReferencedObject(Z)V
j  com.jniwrapper.win32.automation.types.Variant.b(Lcom/jniwrapper/DataBuffer;IZILcom/jniwrapper/Parameter;)V+61
j  com.jniwrapper.win32.automation.types.Variant.read(Lcom/jniwrapper/DataBuffer;IZ)V+35
j  com.jniwrapper.win32.automation.types.Variant.acceptIOPerformer(Lcom/jniwrapper/IOPerformer;Lcom/jniwrapper/DataBuffer;IZZ)V+21


---------------  P R O C E S S  ---------------

Java Threads: ( => current thread )
  0x0000000061ca3800 JavaThread "Browser Events Thread" daemon [_thread_blocked, id=8480, stack(0x0000000154030000,0x0000000158030000)]
=>0x0000000061ca4000 JavaThread "Main message loop" daemon [_thread_in_Java, id=3656, stack(0x0000000144030000,0x0000000148030000)]
  0x0000000011706800 JavaThread "Browser Events Thread" daemon [_thread_blocked, id=6576, stack(0x000000014c030000,0x0000000150030000)]
  0x00000000618de000 JavaThread "Main message loop" daemon [_thread_in_native, id=2120, stack(0x0000000130000000,0x0000000134000000)]
  0x0000000011706000 JavaThread "Browser Events Thread" daemon [_thread_blocked, id=5732, stack(0x0000000138000000,0x000000013c000000)]
  0x0000000011701000 JavaThread "Main message loop" daemon [_thread_in_native, id=8700, stack(0x0000000115fa0000,0x0000000119fa0000)]
  0x0000000011705000 JavaThread "Code Analyzer updating thread" [_thread_blocked, id=1188, stack(0x0000000108fd0000,0x000000010cfd0000)]
  0x0000000011704800 JavaThread "Code Analyzer updating thread" [_thread_blocked, id=8512, stack(0x0000000104fd0000,0x0000000108fd0000)]
  0x0000000011700000 JavaThread "Code Analyzer updating thread" [_thread_blocked, id=8560, stack(0x00000000c8000000,0x00000000cc000000)]
  0x0000000011701800 JavaThread "Code Analyzer updating thread" [_thread_blocked, id=9112, stack(0x0000000098000000,0x000000009c000000)]
  0x0000000011704000 JavaThread "Browser Events Thread" daemon [_thread_blocked, id=1840, stack(0x0000000124000000,0x0000000128000000)]
  0x0000000011702800 JavaThread "Main message loop" daemon [_thread_in_native, id=8816, stack(0x000000010cfd0000,0x0000000110fd0000)]
  0x00000000618e0000 JavaThread "Explorer NavigationContext request queue" daemon [_thread_blocked, id=8684, stack(0x00000000f8000000,0x00000000fc000000)]
  0x00000000618d9800 JavaThread "pool-1-thread-1" [_thread_blocked, id=5948, stack(0x00000000ec000000,0x00000000f0000000)]
  0x00000000618e3800 JavaThread "Active Reference Queue Daemon" daemon [_thread_blocked, id=3336, stack(0x00000000f4000000,0x00000000f8000000)]
  0x00000000618e2000 JavaThread "Timer-2" daemon [_thread_blocked, id=6396, stack(0x00000000f0000000,0x00000000f4000000)]
  0x00000000618e0800 JavaThread "Prefs Updater" daemon [_thread_blocked, id=3544, stack(0x000000008c000000,0x0000000090000000)]
  0x00000000618de800 JavaThread "Foxtrot Single Worker Thread #1" daemon [_thread_blocked, id=5372, stack(0x00000000c4000000,0x00000000c8000000)]
  0x00000000618e3000 JavaThread "Timer-1" daemon [_thread_blocked, id=3500, stack(0x00000000fc000000,0x0000000100000000)]
  0x00000000618d4800 JavaThread "com.jniwrapper.NativeResourceCollector" daemon [_thread_blocked, id=6292, stack(0x00000000e0000000,0x00000000e4000000)]
  0x00000000618e1800 JavaThread "Swing-Shell" daemon [_thread_blocked, id=6592, stack(0x00000000d8000000,0x00000000dc000000)]
  0x00000000618df000 JavaThread "ClipboardMonitor Timer" daemon [_thread_blocked, id=5380, stack(0x00000000e4000000,0x00000000e8000000)]
  0x00000000618db800 JavaThread "AddressBar directory emptiness poller" daemon [_thread_blocked, id=996, stack(0x00000000d4000000,0x00000000d8000000)]
  0x00000000618db000 JavaThread "Explorer Refresh Service 1099409632" daemon [_thread_blocked, id=4056, stack(0x00000000d0000000,0x00000000d4000000)]
  0x00000000618da000 JavaThread "Thread-4" daemon [_thread_blocked, id=6248, stack(0x00000000cc000000,0x00000000d0000000)]
  0x00000000618d7800 JavaThread "TimerQueue" daemon [_thread_blocked, id=6584, stack(0x00000000bc000000,0x00000000c0000000)]
  0x00000000618d6800 JavaThread "Thread-3" daemon [_thread_blocked, id=5316, stack(0x00000000b8000000,0x00000000bc000000)]
  0x00000000618d6000 JavaThread "AWT-EventQueue-0" [_thread_blocked, id=6120, stack(0x00000000a8000000,0x00000000ac000000)]
  0x00000000618d5000 JavaThread "AWT-Shutdown" [_thread_blocked, id=6376, stack(0x00000000a0000000,0x00000000a4000000)]
  0x0000000061ac2800 JavaThread "FelixPackageAdmin" daemon [_thread_blocked, id=5972, stack(0x00000000b4000000,0x00000000b8000000)]
  0x0000000061ac2000 JavaThread "FelixStartLevel" daemon [_thread_blocked, id=6368, stack(0x00000000b0000000,0x00000000b4000000)]
  0x00000000617f6800 JavaThread "FelixDispatchQueue" daemon [_thread_blocked, id=5808, stack(0x00000000ac000000,0x00000000b0000000)]
  0x000000006116c000 JavaThread "com.google.common.base.internal.Finalizer" daemon [_thread_blocked, id=6956, stack(0x00000000a4000000,0x00000000a8000000)]
  0x0000000029e36800 JavaThread "AWT-Windows" daemon [_thread_in_native, id=3548, stack(0x000000009c000000,0x00000000a0000000)]
  0x000000006119c800 JavaThread "Java2D Disposer" daemon [_thread_blocked, id=1828, stack(0x0000000094000000,0x0000000098000000)]
  0x00000000612bb000 JavaThread "Timer-0" [_thread_blocked, id=4128, stack(0x0000000088000000,0x000000008c000000)]
  0x00000000611c9800 JavaThread "EventMgr Dispatcher" daemon [_thread_in_native, id=5696, stack(0x0000000084000000,0x0000000088000000)]
  0x0000000029d40800 JavaThread "Low Memory Detector" daemon [_thread_blocked, id=6852, stack(0x000000006bd90000,0x000000006fd90000)]
  0x0000000029d3d000 JavaThread "CompilerThread1" daemon [_thread_blocked, id=6060, stack(0x00000000637d0000,0x00000000677d0000)]
  0x0000000029d39000 JavaThread "CompilerThread0" daemon [_thread_blocked, id=6824, stack(0x000000005a580000,0x000000005e580000)]
  0x000000000642e800 JavaThread "Attach Listener" daemon [_thread_blocked, id=6024, stack(0x0000000056580000,0x000000005a580000)]
  0x000000000641d800 JavaThread "Finalizer" daemon [_thread_blocked, id=4924, stack(0x0000000052580000,0x0000000056580000)]
  0x0000000006415000 JavaThread "Reference Handler" daemon [_thread_blocked, id=2588, stack(0x000000004e580000,0x0000000052580000)]
  0x000000000645e800 JavaThread "main" [_thread_in_native, id=4836, stack(0x0000000000030000,0x0000000004030000)]

Other Threads:
  0x0000000029ce2000 VMThread [stack: 0x000000004a580000,0x000000004e580000] [id=5248]
  0x0000000029d66800 WatcherThread [stack: 0x0000000080000000,0x0000000084000000] [id=5132]

VM state:not at safepoint (normal execution)

VM Mutex/Monitor currently owned by a thread: None

Heap
 PSYoungGen      total 21056K, used 10155K [0x000000003f480000, 0x0000000040aa0000, 0x0000000042580000)
  eden space 19584K, 46% used [0x000000003f480000,0x000000003fd52f08,0x00000000407a0000)
  from space 1472K, 76% used [0x0000000040920000,0x0000000040a38000,0x0000000040a90000)
  to   space 1536K, 0% used [0x00000000407a0000,0x00000000407a0000,0x0000000040920000)
 PSOldGen        total 95104K, used 79363K [0x0000000036180000, 0x000000003be60000, 0x000000003f480000)
  object space 95104K, 83% used [0x0000000036180000,0x000000003af00c38,0x000000003be60000)
 PSPermGen       total 117376K, used 83632K [0x000000002e180000, 0x0000000035420000, 0x0000000036180000)
  object space 117376K, 71% used [0x000000002e180000,0x000000003332c060,0x0000000035420000)

Dynamic libraries:
0x0000000140000000 - 0x0000000140028000 	C:\Program Files\MATLAB\R2013a\bin\win64\MATLAB.exe
0x0000000077320000 - 0x00000000774cc000 	C:\Windows\SYSTEM32\ntdll.dll
0x0000000077100000 - 0x000000007721f000 	C:\Windows\system32\kernel32.dll
0x000007fefd350000 - 0x000007fefd3bc000 	C:\Windows\system32\KERNELBASE.dll
0x0000000074460000 - 0x0000000074515000 	C:\Program Files\MATLAB\R2013a\bin\win64\libut.dll
0x00000000758a0000 - 0x000000007595f000 	C:\Program Files\MATLAB\R2013a\bin\win64\libmwi18n.dll
0x0000000180000000 - 0x000000018000d000 	C:\Program Files\MATLAB\R2013a\bin\win64\libmwresource_core.dll
0x000000006bc10000 - 0x000000006bca8000 	C:\Program Files\MATLAB\R2013a\bin\win64\MSVCP100.dll
0x00000000696c0000 - 0x0000000069792000 	C:\Program Files\MATLAB\R2013a\bin\win64\MSVCR100.dll
0x00000000734b0000 - 0x00000000734be000 	C:\Program Files\MATLAB\R2013a\bin\win64\boost_date_time-vc100-mt-1_49.dll
0x000000006bd60000 - 0x000000006bd8c000 	C:\Program Files\MATLAB\R2013a\bin\win64\boost_filesystem-vc100-mt-1_49.dll
0x0000000073490000 - 0x0000000073499000 	C:\Program Files\MATLAB\R2013a\bin\win64\boost_system-vc100-mt-1_49.dll
0x000007feff550000 - 0x000007feff62b000 	C:\Windows\system32\ADVAPI32.dll
0x000007fefdd40000 - 0x000007fefdddf000 	C:\Windows\system32\msvcrt.dll
0x000007fefd8d0000 - 0x000007fefd8ef000 	C:\Windows\SYSTEM32\sechost.dll
0x000007fefdad0000 - 0x000007fefdbfe000 	C:\Windows\system32\RPCRT4.dll
0x000000006bd30000 - 0x000000006bd55000 	C:\Program Files\MATLAB\R2013a\bin\win64\LIBEXPAT.dll
0x0000000068da0000 - 0x0000000068f2a000 	C:\Program Files\MATLAB\R2013a\bin\win64\icuin49.dll
0x0000000069580000 - 0x00000000696be000 	C:\Program Files\MATLAB\R2013a\bin\win64\icuuc49.dll
0x000000005ff40000 - 0x0000000061062000 	C:\Program Files\MATLAB\R2013a\bin\win64\icudt49.dll
0x000000006bc00000 - 0x000000006bc10000 	C:\Program Files\MATLAB\R2013a\bin\win64\icuio49.dll
0x0000000073f70000 - 0x0000000074112000 	C:\Program Files\MATLAB\R2013a\bin\win64\libmwfl.dll
0x000000007a350000 - 0x000000007a737000 	C:\Program Files\MATLAB\R2013a\bin\win64\libmwMATLAB_res.dll
0x0000000068550000 - 0x000000006862f000 	C:\Program Files\MATLAB\R2013a\bin\win64\boost_regex-vc100-mt-1_49.dll
0x0000000077220000 - 0x000000007731a000 	C:\Windows\system32\USER32.dll
0x000007fefdcd0000 - 0x000007fefdd37000 	C:\Windows\system32\GDI32.dll
0x000007fefe320000 - 0x000007fefe32e000 	C:\Windows\system32\LPK.dll
0x000007fefe250000 - 0x000007fefe31a000 	C:\Windows\system32\USP10.dll
0x000000006bbe0000 - 0x000000006bbf1000 	C:\Program Files\MATLAB\R2013a\bin\win64\boost_signals-vc100-mt-1_49.dll
0x00000000697e0000 - 0x00000000697f1000 	C:\Program Files\MATLAB\R2013a\bin\win64\boost_thread-vc100-mt-1_49.dll
0x000007fef5b10000 - 0x000007fef5b9c000 	C:\Program Files\MATLAB\R2013a\bin\win64\boost_log-vc100-mt-1_49.dll
0x00000000774f0000 - 0x00000000774f7000 	C:\Windows\system32\PSAPI.DLL
0x000007fefdc00000 - 0x000007fefdc4d000 	C:\Windows\system32\WS2_32.dll
0x000007feff0e0000 - 0x000007feff0e8000 	C:\Windows\system32\NSI.dll
0x000007fef7e30000 - 0x000007fef7e63000 	C:\Program Files\MATLAB\R2013a\bin\win64\tbb.dll
0x000007feff0c0000 - 0x000007feff0d9000 	C:\Windows\system32\imagehlp.dll
0x000007fefaf00000 - 0x000007fefaf2c000 	C:\Windows\system32\POWRPROF.dll
0x000007fefd8f0000 - 0x000007fefdac7000 	C:\Windows\system32\SETUPAPI.dll
0x000007fefd3c0000 - 0x000007fefd3f6000 	C:\Windows\system32\CFGMGR32.dll
0x000007feff220000 - 0x000007feff2f7000 	C:\Windows\system32\OLEAUT32.dll
0x000007fefe040000 - 0x000007fefe242000 	C:\Windows\system32\ole32.dll
0x000007fefd330000 - 0x000007fefd34a000 	C:\Windows\system32\DEVOBJ.dll
0x0000000004200000 - 0x0000000004221000 	C:\Program Files\MATLAB\R2013a\bin\win64\libmwmfl_scalar.dll
0x000007fef54e0000 - 0x000007fef5605000 	C:\Windows\system32\dbghelp.dll
0x0000000004230000 - 0x000000000455f000 	C:\Program Files\MATLAB\R2013a\bin\win64\libmwservices.dll
0x0000000075a20000 - 0x0000000075b0b000 	C:\Program Files\MATLAB\R2013a\bin\win64\libmx.dll
0x000007fef5ae0000 - 0x000007fef5b08000 	C:\Program Files\MATLAB\R2013a\bin\win64\tbbmalloc.dll
0x0000000069560000 - 0x0000000069577000 	C:\Program Files\MATLAB\R2013a\bin\win64\zlib1.dll
0x0000000004560000 - 0x00000000045ae000 	C:\Program Files\MATLAB\R2013a\bin\win64\libmwregexp.dll
0x0000000075f10000 - 0x0000000075f57000 	C:\Program Files\MATLAB\R2013a\bin\win64\mpath.dll
0x000000007b680000 - 0x000000007bc66000 	C:\Program Files\MATLAB\R2013a\bin\win64\mlutil.dll
0x00000000754d0000 - 0x0000000075547000 	C:\Program Files\MATLAB\R2013a\bin\win64\xmlcore.dll
0x0000000063580000 - 0x00000000637c1000 	C:\Program Files\MATLAB\R2013a\bin\win64\xerces-c_2_7.dll
0x00000000045c0000 - 0x00000000045e2000 	C:\Program Files\MATLAB\R2013a\bin\win64\libmwMATLAB_settings_res.dll
0x000007fef6c50000 - 0x000007fef6c60000 	C:\Program Files\MATLAB\R2013a\bin\win64\boost_iostreams-vc100-mt-1_49.dll
0x000007fef5a90000 - 0x000007fef5ad6000 	C:\Program Files\MATLAB\R2013a\bin\win64\boost_serialization-vc100-mt-1_49.dll
0x000007fefe330000 - 0x000007feff0b7000 	C:\Windows\system32\SHELL32.dll
0x000007fefd850000 - 0x000007fefd8c1000 	C:\Windows\system32\SHLWAPI.dll
0x00000000045f0000 - 0x00000000045f6000 	C:\Program Files\MATLAB\R2013a\bin\win64\libmwnativedisplay.dll
0x000007fef9580000 - 0x000007fef9620000 	C:\Windows\WinSxS\amd64_microsoft.windows.common-controls_6595b64144ccf1df_5.82.7600.16661_none_a44e1fc257f685f6\COMCTL32.dll
0x000007feff410000 - 0x000007feff4a8000 	C:\Windows\system32\COMDLG32.dll
0x000007fefb390000 - 0x000007fefb3a6000 	C:\Windows\system32\NETAPI32.dll
0x000007fefb380000 - 0x000007fefb38c000 	C:\Windows\system32\netutils.dll
0x000007fefcdd0000 - 0x000007fefcdf3000 	C:\Windows\system32\srvcli.dll
0x000007fefb360000 - 0x000007fefb375000 	C:\Windows\system32\wkscli.dll
0x0000000074970000 - 0x0000000074a18000 	C:\Program Files\MATLAB\R2013a\bin\win64\mcr.dll
0x0000000075000000 - 0x00000000753b1000 	C:\Program Files\MATLAB\R2013a\bin\win64\iqm.dll
0x0000000074e80000 - 0x0000000074f30000 	C:\Program Files\MATLAB\R2013a\bin\win64\m_dispatcher.dll
0x0000000004600000 - 0x0000000004e08000 	C:\Program Files\MATLAB\R2013a\bin\win64\m_interpreter.dll
0x0000000004e10000 - 0x0000000004e34000 	C:\Program Files\MATLAB\R2013a\bin\win64\libmex.dll
0x0000000075430000 - 0x00000000754ab000 	C:\Program Files\MATLAB\R2013a\bin\win64\profiler.dll
0x0000000004e40000 - 0x00000000050c3000 	C:\Program Files\MATLAB\R2013a\bin\win64\libmwmathutil.dll
0x0000000079f40000 - 0x0000000079f66000 	C:\Program Files\MATLAB\R2013a\bin\win64\libmwmathrng.dll
0x00000000050d0000 - 0x00000000050e0000 	C:\Program Files\MATLAB\R2013a\bin\win64\libmwmfl_rng.dll
0x0000000074c10000 - 0x0000000074cf8000 	C:\Program Files\MATLAB\R2013a\bin\win64\libmwmathcore.dll
0x0000000076160000 - 0x00000000761c3000 	C:\Program Files\MATLAB\R2013a\bin\win64\libmwspmatrix.dll
0x000000007b0a0000 - 0x000000007b2f6000 	C:\Program Files\MATLAB\R2013a\bin\win64\mcos.dll
0x0000000075ea0000 - 0x0000000075f02000 	C:\Program Files\MATLAB\R2013a\bin\win64\libmwcholmod.dll
0x00000000050f0000 - 0x00000000050fd000 	C:\Program Files\MATLAB\R2013a\bin\win64\libmwamd.dll
0x0000000073710000 - 0x00000000737b3000 	C:\Windows\WinSxS\amd64_microsoft.vc90.crt_1fc8b3b9a1e18e3b_9.0.30729.6161_none_08e61857a83bc251\MSVCR90.dll
0x0000000005110000 - 0x000000000511c000 	C:\Program Files\MATLAB\R2013a\bin\win64\libmwcolamd.dll
0x000000007a290000 - 0x000000007a2a3000 	C:\Program Files\MATLAB\R2013a\bin\win64\libmwblas.dll
0x000000007a310000 - 0x000000007a325000 	C:\Program Files\MATLAB\R2013a\bin\win64\libmwbinder.dll
0x0000000005130000 - 0x000000000513b000 	C:\Program Files\MATLAB\R2013a\bin\win64\libmwompwrapper.dll
0x0000000075820000 - 0x000000007589e000 	C:\Program Files\MATLAB\R2013a\bin\win64\libmwlapack.dll
0x000000007a1b0000 - 0x000000007a1d0000 	C:\Program Files\MATLAB\R2013a\bin\win64\m_pcodeio.dll
0x0000000079b10000 - 0x0000000079b6c000 	C:\Program Files\MATLAB\R2013a\bin\win64\m_ir.dll
0x0000000078ed0000 - 0x0000000079579000 	C:\Program Files\MATLAB\R2013a\bin\win64\m_parser.dll
0x000000007a2f0000 - 0x000000007a307000 	C:\Program Files\MATLAB\R2013a\bin\win64\ir_xfmr.dll
0x0000000005140000 - 0x0000000005150000 	C:\Program Files\MATLAB\R2013a\bin\win64\mtok.dll
0x000000007a130000 - 0x000000007a158000 	C:\Program Files\MATLAB\R2013a\bin\win64\m_pcodegen.dll
0x0000000079fb0000 - 0x0000000079fdf000 	C:\Program Files\MATLAB\R2013a\bin\win64\libmwbridge.dll
0x0000000074f40000 - 0x0000000074ff6000 	C:\Program Files\MATLAB\R2013a\bin\win64\udd.dll
0x0000000073cc0000 - 0x0000000073e0e000 	C:\Program Files\MATLAB\R2013a\bin\win64\libmwgui.dll
0x000000007a1d0000 - 0x000000007a1f4000 	C:\Program Files\MATLAB\R2013a\bin\win64\graphics_util.dll
0x000007fef59d0000 - 0x000007fef5a88000 	C:\Program Files\MATLAB\R2013a\bin\win64\libtex_base.dll
0x0000000005150000 - 0x0000000005a93000 	C:\Program Files\MATLAB\R2013a\bin\win64\hg.dll
0x0000000076100000 - 0x000000007615a000 	C:\Program Files\MATLAB\R2013a\bin\win64\libmat.dll
0x0000000072d30000 - 0x0000000072f38000 	C:\Program Files\MATLAB\R2013a\bin\win64\hdf5dll.dll
0x0000000075710000 - 0x00000000757d8000 	C:\Program Files\MATLAB\R2013a\bin\win64\jmi.dll
0x0000000005ab0000 - 0x0000000005abe000 	C:\Program Files\MATLAB\R2013a\bin\win64\nativejava_services.dll
0x0000000005ac0000 - 0x0000000005b00000 	C:\Program Files\MATLAB\R2013a\bin\win64\libmwhardcopy.dll
0x0000000075c70000 - 0x0000000075cce000 	C:\Program Files\MATLAB\R2013a\bin\win64\libuij.dll
0x0000000072f50000 - 0x000000007318f000 	C:\Program Files\MATLAB\R2013a\bin\win64\hgdatatypes.dll
0x0000000005b00000 - 0x0000000005beb000 	C:\Program Files\MATLAB\R2013a\bin\win64\hgutils.dll
0x0000000005bf0000 - 0x0000000005c9e000 	C:\Program Files\MATLAB\R2013a\bin\win64\udd_mi.dll
0x0000000005ca0000 - 0x0000000005cd6000 	C:\Program Files\MATLAB\R2013a\bin\win64\libmwgbtutils.dll
0x0000000005ce0000 - 0x0000000005cf4000 	C:\Program Files\MATLAB\R2013a\bin\win64\libmwgbt.dll
0x0000000005d00000 - 0x0000000005fce000 	C:\Program Files\MATLAB\R2013a\bin\win64\uiw.dll
0x0000000005fd0000 - 0x0000000005fd9000 	C:\Program Files\MATLAB\R2013a\bin\win64\uinone.dll
0x0000000005fe0000 - 0x0000000006006000 	C:\Program Files\MATLAB\R2013a\bin\win64\libmwnativefiledialogs.dll
0x0000000006010000 - 0x000000000601c000 	C:\Program Files\MATLAB\R2013a\bin\win64\libmwplatform_res.dll
0x000007fef8f60000 - 0x000007fef8f78000 	C:\Windows\system32\MPR.dll
0x000000005f9e0000 - 0x000000005ff3d000 	C:\Program Files\MATLAB\R2013a\bin\win64\mfc100.dll
0x000007fefb4c0000 - 0x000007fefb4c7000 	C:\Windows\system32\MSIMG32.dll
0x000007fef9360000 - 0x000007fef93d0000 	C:\Windows\system32\WINSPOOL.DRV
0x0000000006020000 - 0x000000000603d000 	C:\Program Files\MATLAB\R2013a\bin\win64\mwoles05.DLL
0x0000000006040000 - 0x00000000060ac000 	C:\Program Files\MATLAB\R2013a\bin\win64\comcli.dll
0x0000000068fa0000 - 0x0000000068fcb000 	C:\Program Files\MATLAB\R2013a\bin\win64\ATL100.DLL
0x00000000060b0000 - 0x00000000060bc000 	C:\Program Files\MATLAB\R2013a\bin\win64\mlautoregister.dll
0x00000000060c0000 - 0x0000000006216000 	C:\Program Files\MATLAB\R2013a\bin\win64\mvm.dll
0x000007fefd650000 - 0x000007fefd67e000 	C:\Windows\system32\IMM32.DLL
0x000007feff300000 - 0x000007feff409000 	C:\Windows\system32\MSCTF.dll
0x000007fefbd20000 - 0x000007fefbd76000 	C:\Windows\system32\UxTheme.dll
0x000007fefb750000 - 0x000007fefb768000 	C:\Windows\system32\dwmapi.dll
0x0000000068d90000 - 0x0000000068d9d000 	C:\Program Files\MATLAB\R2013a\bin\win64\MFC100ENU.DLL
0x0000000008160000 - 0x00000000081ae000 	C:\Program Files\MATLAB\R2013a\bin\win64\MVMLocal.dll
0x000007fefd280000 - 0x000007fefd28f000 	C:\Windows\system32\profapi.dll

VM Arguments:
jvm_args: -XX:PermSize=32m -Xms64m -XX:NewRatio=3 -XX:MaxPermSize=128m -Xmx196m -XX:MaxDirectMemorySize=2147400000 -Dsun.java2d.noddraw=true -Dsun.awt.nopixfmt=true -Xshare:off -Xrs -Dsun.awt.disableMixing=true -Djava.library.path=C:\Program Files\MATLAB\R2013a\bin\win64;C:\Program Files\MATLAB\R2013a\sys\jxbrowser\win64\lib vfprintf abort 
java_command: <unknown>
Launcher Type: generic

Environment Variables:
CLASSPATH=.;C:\Program Files (x86)\Java\jre7\lib\ext\QTJava.zip
PATH=I:\installed software\bin;I:\installed software\utils\bin;C:\Program Files (x86)\MiKTeX 2.9\miktex\bin\;C:\Program Files (x86)\QuickTime\QTSystem\;C:\Program Files\Java\jre7\bin ;C:\Python27
USERNAME=ANIKET
OS=Windows_NT
PROCESSOR_IDENTIFIER=Intel64 Family 6 Model 42 Stepping 7, GenuineIntel



---------------  S Y S T E M  ---------------

OS: Windows 7 Build 7600 

CPU:total 2 (8 cores per cpu, 2 threads per core) family 6 model 42 stepping 7, cmov, cx8, fxsr, mmx, sse, sse2, sse3, ssse3, sse4.1, sse4.2, ht

Memory: 4k page, physical 4006256k(1316560k free), swap 8010604k(3820628k free)

vm_info: Java HotSpot(TM) 64-Bit Server VM (14.3-b01) for windows-amd64 JRE (1.6.0_17-b04), built on Oct 11 2009 00:46:08 by "java_re" with MS VC++ 8.0

time: Mon Apr 13 18:26:00 2015
elapsed time: 185836 seconds

